warning: Tag 'SYMBOL_CACHE_SIZE' at line 328 of file './doc/Doxyfile' has become obsolete.
         To avoid this warning please remove this line from your configuration file or upgrade it using "doxygen -u"
warning: Tag 'SHOW_DIRECTORIES' at line 537 of file './doc/Doxyfile' has become obsolete.
         To avoid this warning please remove this line from your configuration file or upgrade it using "doxygen -u"
warning: Tag 'HTML_ALIGN_MEMBERS' at line 947 of file './doc/Doxyfile' has become obsolete.
         To avoid this warning please remove this line from your configuration file or upgrade it using "doxygen -u"
warning: Tag 'USE_INLINE_TREES' at line 1134 of file './doc/Doxyfile' has become obsolete.
         To avoid this warning please remove this line from your configuration file or upgrade it using "doxygen -u"
warning: Tag 'XML_SCHEMA' at line 1397 of file './doc/Doxyfile' has become obsolete.
         To avoid this warning please remove this line from your configuration file or upgrade it using "doxygen -u"
warning: Tag 'XML_DTD' at line 1403 of file './doc/Doxyfile' has become obsolete.
         To avoid this warning please remove this line from your configuration file or upgrade it using "doxygen -u"
warning: Tag 'PERL_PATH' at line 1568 of file './doc/Doxyfile' has become obsolete.
         To avoid this warning please remove this line from your configuration file or upgrade it using "doxygen -u"
warning: Tag 'MSCGEN_PATH' at line 1589 of file './doc/Doxyfile' has become obsolete.
         To avoid this warning please remove this line from your configuration file or upgrade it using "doxygen -u"
warning: ignoring unknown tag 'Borderliner' at line 1784, file ./doc/Doxyfile
Adding custom extension mapping: .cu will be treated as language c++
Adding custom extension mapping: .cuh will be treated as language c++
Doxygen version used: 1.8.20
Searching for include files...
Searching for example files...
Searching for images...
Searching for dot files...
Searching for msc files...
Searching for dia files...
Searching for files to exclude
Searching INPUT for files to process...
Searching for files in directory /Users/Michi/Desktop/milupHPC
Searching for files in directory /Users/Michi/Desktop/milupHPC/bin
Searching for files in directory /Users/Michi/Desktop/milupHPC/binac
Searching for files in directory /Users/Michi/Desktop/milupHPC/build
Searching for files in directory /Users/Michi/Desktop/milupHPC/build/integrator
Searching for files in directory /Users/Michi/Desktop/milupHPC/config
Searching for files in directory /Users/Michi/Desktop/milupHPC/config/material_data
Searching for files in directory /Users/Michi/Desktop/milupHPC/debug
Searching for files in directory /Users/Michi/Desktop/milupHPC/doc
Searching for files in directory /Users/Michi/Desktop/milupHPC/doc/DoxygenFiles
Searching for files in directory /Users/Michi/Desktop/milupHPC/doc/pic
Searching for files in directory /Users/Michi/Desktop/milupHPC/doc/test_dir
Searching for files in directory /Users/Michi/Desktop/milupHPC/docs
Searching for files in directory /Users/Michi/Desktop/milupHPC/docs/search
Searching for files in directory /Users/Michi/Desktop/milupHPC/documents
Searching for files in directory /Users/Michi/Desktop/milupHPC/H5Renderer
Searching for files in directory /Users/Michi/Desktop/milupHPC/H5Renderer/include
Searching for files in directory /Users/Michi/Desktop/milupHPC/H5Renderer/src
Searching for files in directory /Users/Michi/Desktop/milupHPC/include
Searching for files in directory /Users/Michi/Desktop/milupHPC/include/cuda_utils
Searching for files in directory /Users/Michi/Desktop/milupHPC/include/gravity
Searching for files in directory /Users/Michi/Desktop/milupHPC/include/integrator
Searching for files in directory /Users/Michi/Desktop/milupHPC/include/materials
Searching for files in directory /Users/Michi/Desktop/milupHPC/include/sph
Searching for files in directory /Users/Michi/Desktop/milupHPC/include/subdomain_key_tree
Searching for files in directory /Users/Michi/Desktop/milupHPC/include/utils
Searching for files in directory /Users/Michi/Desktop/milupHPC/movies
Searching for files in directory /Users/Michi/Desktop/milupHPC/postprocessing
Searching for files in directory /Users/Michi/Desktop/milupHPC/postprocessing/Figures
Searching for files in directory /Users/Michi/Desktop/milupHPC/resources
Searching for files in directory /Users/Michi/Desktop/milupHPC/resources/miluphcuda
Searching for files in directory /Users/Michi/Desktop/milupHPC/src
Searching for files in directory /Users/Michi/Desktop/milupHPC/src/cuda_utils
Searching for files in directory /Users/Michi/Desktop/milupHPC/src/gravity
Searching for files in directory /Users/Michi/Desktop/milupHPC/src/integrator
Searching for files in directory /Users/Michi/Desktop/milupHPC/src/materials
Searching for files in directory /Users/Michi/Desktop/milupHPC/src/sph
Searching for files in directory /Users/Michi/Desktop/milupHPC/src/subdomain_key_tree
Searching for files in directory /Users/Michi/Desktop/milupHPC/src/utils
Searching for files in directory /Users/Michi/Desktop/milupHPC/testing
Searching for files in directory /Users/Michi/Desktop/milupHPC/src
Searching for files in directory /Users/Michi/Desktop/milupHPC/src/cuda_utils
Searching for files in directory /Users/Michi/Desktop/milupHPC/src/gravity
Searching for files in directory /Users/Michi/Desktop/milupHPC/src/integrator
Searching for files in directory /Users/Michi/Desktop/milupHPC/src/materials
Searching for files in directory /Users/Michi/Desktop/milupHPC/src/sph
Searching for files in directory /Users/Michi/Desktop/milupHPC/src/subdomain_key_tree
Searching for files in directory /Users/Michi/Desktop/milupHPC/src/utils
Searching for files in directory /Users/Michi/Desktop/milupHPC/include
Searching for files in directory /Users/Michi/Desktop/milupHPC/include/cuda_utils
Searching for files in directory /Users/Michi/Desktop/milupHPC/include/gravity
Searching for files in directory /Users/Michi/Desktop/milupHPC/include/integrator
Searching for files in directory /Users/Michi/Desktop/milupHPC/include/materials
Searching for files in directory /Users/Michi/Desktop/milupHPC/include/sph
Searching for files in directory /Users/Michi/Desktop/milupHPC/include/subdomain_key_tree
Searching for files in directory /Users/Michi/Desktop/milupHPC/include/utils
Searching for files in directory /Users/Michi/Desktop/milupHPC/documents
Reading and parsing tag files
Parsing files
Reading /Users/Michi/Desktop/milupHPC/README.md...
Reading /Users/Michi/Desktop/milupHPC/binac/Notes.md...
Reading /Users/Michi/Desktop/milupHPC/Concepts.md...
Reading /Users/Michi/Desktop/milupHPC/doc/doxyfile.inc...
Parsing file /Users/Michi/Desktop/milupHPC/doc/doxyfile.inc...
Reading /Users/Michi/Desktop/milupHPC/doc/ExtraMarkdown.md...
Reading /Users/Michi/Desktop/milupHPC/doc/Mainpage.md...
Reading /Users/Michi/Desktop/milupHPC/documents/Notes.md...
Reading /Users/Michi/Desktop/milupHPC/documents/regexp.md...
Preprocessing /Users/Michi/Desktop/milupHPC/H5Renderer/include/Color.h...
Parsing file /Users/Michi/Desktop/milupHPC/H5Renderer/include/Color.h...
Preprocessing /Users/Michi/Desktop/milupHPC/H5Renderer/include/ConfigParser.h...
Parsing file /Users/Michi/Desktop/milupHPC/H5Renderer/include/ConfigParser.h...
Preprocessing /Users/Michi/Desktop/milupHPC/H5Renderer/include/H5Renderer.h...
Parsing file /Users/Michi/Desktop/milupHPC/H5Renderer/include/H5Renderer.h...
Preprocessing /Users/Michi/Desktop/milupHPC/H5Renderer/include/Logger.h...
Parsing file /Users/Michi/Desktop/milupHPC/H5Renderer/include/Logger.h...
Preprocessing /Users/Michi/Desktop/milupHPC/H5Renderer/include/Particle.h...
Parsing file /Users/Michi/Desktop/milupHPC/H5Renderer/include/Particle.h...
Preprocessing /Users/Michi/Desktop/milupHPC/H5Renderer/src/ConfigParser.cpp...
Parsing file /Users/Michi/Desktop/milupHPC/H5Renderer/src/ConfigParser.cpp...
Preprocessing /Users/Michi/Desktop/milupHPC/H5Renderer/src/H5Renderer.cpp...
Parsing file /Users/Michi/Desktop/milupHPC/H5Renderer/src/H5Renderer.cpp...
Preprocessing /Users/Michi/Desktop/milupHPC/H5Renderer/src/Logger.cpp...
Parsing file /Users/Michi/Desktop/milupHPC/H5Renderer/src/Logger.cpp...
Preprocessing /Users/Michi/Desktop/milupHPC/H5Renderer/src/main.cpp...
Parsing file /Users/Michi/Desktop/milupHPC/H5Renderer/src/main.cpp...
Preprocessing /Users/Michi/Desktop/milupHPC/include/constants.h...
Parsing file /Users/Michi/Desktop/milupHPC/include/constants.h...
Preprocessing /Users/Michi/Desktop/milupHPC/include/cuda_utils/cuda_launcher.cuh...
Parsing file /Users/Michi/Desktop/milupHPC/include/cuda_utils/cuda_launcher.cuh...
Preprocessing /Users/Michi/Desktop/milupHPC/include/cuda_utils/cuda_runtime.h...
Parsing file /Users/Michi/Desktop/milupHPC/include/cuda_utils/cuda_runtime.h...
Preprocessing /Users/Michi/Desktop/milupHPC/include/cuda_utils/cuda_utilities.cuh...
Parsing file /Users/Michi/Desktop/milupHPC/include/cuda_utils/cuda_utilities.cuh...
Preprocessing /Users/Michi/Desktop/milupHPC/include/device_rhs.cuh...
Parsing file /Users/Michi/Desktop/milupHPC/include/device_rhs.cuh...
Preprocessing /Users/Michi/Desktop/milupHPC/include/gravity/gravity.cuh...
Parsing file /Users/Michi/Desktop/milupHPC/include/gravity/gravity.cuh...
Preprocessing /Users/Michi/Desktop/milupHPC/include/helper.cuh...
Parsing file /Users/Michi/Desktop/milupHPC/include/helper.cuh...
Preprocessing /Users/Michi/Desktop/milupHPC/include/helper_handler.h...
Parsing file /Users/Michi/Desktop/milupHPC/include/helper_handler.h...
Preprocessing /Users/Michi/Desktop/milupHPC/include/integrator/euler.h...
Parsing file /Users/Michi/Desktop/milupHPC/include/integrator/euler.h...
Preprocessing /Users/Michi/Desktop/milupHPC/include/integrator/explicit_euler.h...
Parsing file /Users/Michi/Desktop/milupHPC/include/integrator/explicit_euler.h...
Preprocessing /Users/Michi/Desktop/milupHPC/include/integrator/predictor_corrector.h...
Parsing file /Users/Michi/Desktop/milupHPC/include/integrator/predictor_corrector.h...
Preprocessing /Users/Michi/Desktop/milupHPC/include/materials/material.cuh...
Parsing file /Users/Michi/Desktop/milupHPC/include/materials/material.cuh...
Preprocessing /Users/Michi/Desktop/milupHPC/include/materials/material_handler.h...
Parsing file /Users/Michi/Desktop/milupHPC/include/materials/material_handler.h...
Preprocessing /Users/Michi/Desktop/milupHPC/include/miluphpc.h...
Parsing file /Users/Michi/Desktop/milupHPC/include/miluphpc.h...
Preprocessing /Users/Michi/Desktop/milupHPC/include/parameter.h...
Parsing file /Users/Michi/Desktop/milupHPC/include/parameter.h...
Preprocessing /Users/Michi/Desktop/milupHPC/include/particle_handler.h...
Parsing file /Users/Michi/Desktop/milupHPC/include/particle_handler.h...
Preprocessing /Users/Michi/Desktop/milupHPC/include/particles.cuh...
Parsing file /Users/Michi/Desktop/milupHPC/include/particles.cuh...
Preprocessing /Users/Michi/Desktop/milupHPC/include/sph/sph.cuh...
Parsing file /Users/Michi/Desktop/milupHPC/include/sph/sph.cuh...
Preprocessing /Users/Michi/Desktop/milupHPC/include/subdomain_key_tree/subdomain.cuh...
Parsing file /Users/Michi/Desktop/milupHPC/include/subdomain_key_tree/subdomain.cuh...
Preprocessing /Users/Michi/Desktop/milupHPC/include/subdomain_key_tree/subdomain_handler.h...
Parsing file /Users/Michi/Desktop/milupHPC/include/subdomain_key_tree/subdomain_handler.h...
Preprocessing /Users/Michi/Desktop/milupHPC/include/subdomain_key_tree/tree.cuh...
Parsing file /Users/Michi/Desktop/milupHPC/include/subdomain_key_tree/tree.cuh...
Preprocessing /Users/Michi/Desktop/milupHPC/include/subdomain_key_tree/tree_handler.h...
Parsing file /Users/Michi/Desktop/milupHPC/include/subdomain_key_tree/tree_handler.h...
Preprocessing /Users/Michi/Desktop/milupHPC/include/utils/color.h...
Parsing file /Users/Michi/Desktop/milupHPC/include/utils/color.h...
Preprocessing /Users/Michi/Desktop/milupHPC/include/utils/config_parser.h...
Parsing file /Users/Michi/Desktop/milupHPC/include/utils/config_parser.h...
Preprocessing /Users/Michi/Desktop/milupHPC/include/utils/cxxopts.h...
Parsing file /Users/Michi/Desktop/milupHPC/include/utils/cxxopts.h...
Preprocessing /Users/Michi/Desktop/milupHPC/include/utils/logger.h...
Parsing file /Users/Michi/Desktop/milupHPC/include/utils/logger.h...
Preprocessing /Users/Michi/Desktop/milupHPC/include/utils/timer.h...
Parsing file /Users/Michi/Desktop/milupHPC/include/utils/timer.h...
Preprocessing /Users/Michi/Desktop/milupHPC/include/vector3.h...
Parsing file /Users/Michi/Desktop/milupHPC/include/vector3.h...
Reading /Users/Michi/Desktop/milupHPC/Licence.md...
Reading /Users/Michi/Desktop/milupHPC/postprocessing/README.md...
Reading /Users/Michi/Desktop/milupHPC/resources/miluphcuda/Miluphcuda.md...
Reading /Users/Michi/Desktop/milupHPC/resources/miluphcuda/physics_in_miluphcuda.md...
Preprocessing /Users/Michi/Desktop/milupHPC/src/cuda_utils/cuda_launcher.cu...
Parsing file /Users/Michi/Desktop/milupHPC/src/cuda_utils/cuda_launcher.cu...
Preprocessing /Users/Michi/Desktop/milupHPC/src/cuda_utils/cuda_runtime.cpp...
Parsing file /Users/Michi/Desktop/milupHPC/src/cuda_utils/cuda_runtime.cpp...
Preprocessing /Users/Michi/Desktop/milupHPC/src/cuda_utils/cuda_utilities.cu...
Parsing file /Users/Michi/Desktop/milupHPC/src/cuda_utils/cuda_utilities.cu...
Preprocessing /Users/Michi/Desktop/milupHPC/src/device_rhs.cu...
Parsing file /Users/Michi/Desktop/milupHPC/src/device_rhs.cu...
Preprocessing /Users/Michi/Desktop/milupHPC/src/gravity/gravity.cu...
Parsing file /Users/Michi/Desktop/milupHPC/src/gravity/gravity.cu...
Preprocessing /Users/Michi/Desktop/milupHPC/src/helper.cu...
Parsing file /Users/Michi/Desktop/milupHPC/src/helper.cu...
Preprocessing /Users/Michi/Desktop/milupHPC/src/helper_handler.cpp...
Parsing file /Users/Michi/Desktop/milupHPC/src/helper_handler.cpp...
Preprocessing /Users/Michi/Desktop/milupHPC/src/integrator/euler.cpp...
Parsing file /Users/Michi/Desktop/milupHPC/s/Users/Michi/Desktop/milupHPC/src/sph/sph.cu:1580: warning: Reached end of file while still inside a (nested) comment. Nesting level 1 (probable line reference: 1196)
/Users/Michi/Desktop/milupHPC/H5Renderer/src/Logger.cpp:9: warning: documented symbol 'std::ostream & Color::operator<<' was not declared or defined.
/Users/Michi/Desktop/milupHPC/include/utils/cxxopts.h:278: warning: documented symbol 'const std::string @0::LQUOTE' was not declared or defined.
/Users/Michi/Desktop/milupHPC/include/utils/cxxopts.h:279: warning: documented symbol 'const std::string @0::RQUOTE' was not declared or defined.
/Users/Michi/Desktop/milupHPC/include/utils/cxxopts.h:1576: warning: documented symbol 'std::basic_regex< char > @0::option_matcher' was not declared or defined.
/Users/Michi/Desktop/milupHPC/include/utils/cxxopts.h:1579: warning: documented symbol 'std::basic_regex< char > @0::option_specifier' was not declared or defined.
/Users/Michi/Desktop/milupHPC/include/utils/cxxopts.h:1583: warning: documented symbol 'String @0::format_option' was not declared or defined.
/Users/Michi/Desktop/milupHPC/include/utils/cxxopts.h:1629: warning: documented symbol 'String @0::format_description' was not declared or defined.
/Users/Michi/Desktop/milupHPC/src/cuda_utils/cuda_utilities.cu:316: warning: no matching file member found for 
template real CudaUtils::Kernel::Launch::findDuplicates< integer >(int *array, integer *duplicateCounter, int length)
Possible candidates:
 '__global__ void findDuplicates(T *array, integer *duplicateCounter, int length)' at line 77 of file /Users/Michi/Desktop/milupHPC/src/cuda_utils/cuda_utilities.cu
 '__global__ void findDuplicates(T *array, U *entry1, U *entry2, integer *duplicateCounter, int length)' at line 117 of file /Users/Michi/Desktop/milupHPC/src/cuda_utils/cuda_utilities.cu
 'real findDuplicates(T *array, integer *duplicateCounter, int length)' at line 62 of file /Users/Michi/Desktop/milupHPC/include/cuda_utils/cuda_utilities.cuh
 'real findDuplicates(T *array, U *entry1, U *entry2, integer *duplicateCounter, int length)' at line 68 of file /Users/Michi/Desktop/milupHPC/include/cuda_utils/cuda_utilities.cuh

/Users/Michi/Desktop/milupHPC/src/cuda_utils/cuda_utilities.cu:318: warning: no matching file member found for 
template real CudaUtils::Kernel::Launch::findDuplicates< real >(double *array, integer *duplicateCounter, int length)
Possible candidates:
 '__global__ void findDuplicates(T *array, integer *duplicateCounter, int length)' at line 77 of file /Users/Michi/Desktop/milupHPC/src/cuda_utils/cuda_utilities.cu
 '__global__ void findDuplicates(T *array, U *entry1, U *entry2, integer *duplicateCounter, int length)' at line 117 of file /Users/Michi/Desktop/milupHPC/src/cuda_utils/cuda_utilities.cu
 'real findDuplicates(T *array, integer *duplicateCounter, int length)' at line 62 of file /Users/Michi/Desktop/milupHPC/include/cuda_utils/cuda_utilities.cuh
 'real findDuplicates(T *array, U *entry1, U *entry2, integer *duplicateCounter, int length)' at line 68 of file /Users/Michi/Desktop/milupHPC/include/cuda_utils/cuda_utilities.cuh

/Users/Michi/Desktop/milupHPC/src/cuda_utils/cuda_utilities.cu:326: warning: no matching file member found for 
template real CudaUtils::Kernel::Launch::findDuplicateEntries< real >(double *array1, real *array2, integer *duplicateCounter, int length)
Possible candidates:
 '__global__ void findDuplicateEntries(T *array1, T *array2, integer *duplicateCounter, int length)' at line 96 of file /Users/Michi/Desktop/milupHPC/src/cuda_utils/cuda_utilities.cu
 'real findDuplicateEntries(T *array1, T *array2, integer *duplicateCounter, int length)' at line 65 of file /Users/Michi/Desktop/milupHPC/include/cuda_utils/cuda_utilities.cuh

/Users/Michi/Desktop/milupHPC/src/cuda_utils/cuda_utilities.cu:334: warning: no matching file member found for 
template real CudaUtils::Kernel::Launch::findDuplicates< integer, real >(int *array, real *entry1, real *entry2, integer *duplicateCounter, int length)
Possible candidates:
 '__global__ void findDuplicates(T *array, integer *duplicateCounter, int length)' at line 77 of file /Users/Michi/Desktop/milupHPC/src/cuda_utils/cuda_utilities.cu
 '__global__ void findDuplicates(T *array, U *entry1, U *entry2, integer *duplicateCounter, int length)' at line 117 of file /Users/Michi/Desktop/milupHPC/src/cuda_utils/cuda_utilities.cu
 'real findDuplicates(T *array, integer *duplicateCounter, int length)' at line 62 of file /Users/Michi/Desktop/milupHPC/include/cuda_utils/cuda_utilities.cuh
 'real findDuplicates(T *array, U *entry1, U *entry2, integer *duplicateCounter, int length)' at line 68 of file /Users/Michi/Desktop/milupHPC/include/cuda_utils/cuda_utilities.cuh

/Users/Michi/Desktop/milupHPC/src/cuda_utils/cuda_utilities.cu:344: warning: no matching file member found for 
template real CudaUtils::Kernel::Launch::markDuplicates< integer >(int *array, integer *duplicateCounter, int length)
Possible candidates:
 '__global__ void markDuplicates(T *array, integer *duplicateCounter, int length)' at line 140 of file /Users/Michi/Desktop/milupHPC/src/cuda_utils/cuda_utilities.cu
 '__global__ void markDuplicates(T *array, U *entry1, U *entry2, U *entry3, integer *duplicateCounter, integer *child, int length)' at line 208 of file /Users/Michi/Desktop/milupHPC/src/cuda_utils/cuda_utilities.cu
 'real markDuplicates(T *array, integer *duplicateCounter, int length)' at line 71 of file /Users/Michi/Desktop/milupHPC/include/cuda_utils/cuda_utilities.cuh
 'real markDuplicates(T *array, U *entry1, U *entry2, U *entry3, integer *duplicateCounter, integer *child, int length)' at line 77 of file /Users/Michi/Desktop/milupHPC/include/cuda_utils/cuda_utilities.cuh

/Users/Michi/Desktop/milupHPC/src/cuda_utils/cuda_utilities.cu:346: warning: no matching file member found for 
template real CudaUtils::Kernel::Launch::markDuplicates< real >(double *array, integer *duplicateCounter, int length)
Possible candidates:
 '__global__ void markDuplicates(T *array, integer *duplicateCounter, int length)' at line 140 of file /Users/Michi/Desktop/milupHPC/src/cuda_utils/cuda_utilities.cu
 '__global__ void markDuplicates(T *array, U *entry1, U *entry2, U *entry3, integer *duplicateCounter, integer *child, int length)' at line 208 of file /Users/Michi/Desktop/milupHPC/src/cuda_utils/cuda_utilities.cu
 'real markDuplicates(T *array, integer *duplicateCounter, int length)' at line 71 of file /Users/Michi/Desktop/milupHPC/include/cuda_utils/cuda_utilities.cuh
 'real markDuplicates(T *array, U *entry1, U *entry2, U *entry3, integer *duplicateCounter, integer *child, int length)' at line 77 of file /Users/Michi/Desktop/milupHPC/include/cuda_utils/cuda_utilities.cuh

/Users/Michi/Desktop/milupHPC/src/cuda_utils/cuda_utilities.cu:362: warning: no matching file member found for 
template real CudaUtils::Kernel::Launch::markDuplicates< integer, real >(int *array, real *entry1, real *entry2, real *entry3, integer *duplicateCounter, integer *child, int length)
Possible candidates:
 '__global__ void markDuplicates(T *array, integer *duplicateCounter, int length)' at line 140 of file /Users/Michi/Desktop/milupHPC/src/cuda_utils/cuda_utilities.cu
 '__global__ void markDuplicates(T *array, U *entry1, U *entry2, U *entry3, integer *duplicateCounter, integer *child, int length)' at line 208 of file /Users/Michi/Desktop/milupHPC/src/cuda_utils/cuda_utilities.cu
 'real markDuplicates(T *array, integer *duplicateCounter, int length)' at line 71 of file /Users/Michi/Desktop/milupHPC/include/cuda_utils/cuda_utilities.cuh
 'real markDuplicates(T *array, U *entry1, U *entry2, U *entry3, integer *duplicateCounter, integer *child, int length)' at line 77 of file /Users/Michi/Desktop/milupHPC/include/cuda_utils/cuda_utilities.cuh

/Users/Michi/Desktop/milupHPC/src/cuda_utils/cuda_utilities.cu:372: warning: no matching file member found for 
template real CudaUtils::Kernel::Launch::removeDuplicates< integer >(int *array, integer *removedArray, integer *duplicateCounter, int length)
Possible candidates:
 '__global__ void removeDuplicates(T *array, T *removedArray, integer *duplicateCounter, int length)' at line 277 of file /Users/Michi/Desktop/milupHPC/src/cuda_utils/cuda_utilities.cu
 'real removeDuplicates(T *array, T *removedArray, integer *duplicateCounter, int length)' at line 80 of file /Users/Michi/Desktop/milupHPC/include/cuda_utils/cuda_utilities.cuh

/Users/Michi/Desktop/milupHPC/src/cuda_utils/cuda_utilities.cu:375: warning: no matching file member found for 
template real CudaUtils::Kernel::Launch::removeDuplicates< real >(double *array, real *removedArray, integer *duplicateCounter, int length)
Possible candidates:
 '__global__ void removeDuplicates(T *array, T *removedArray, integer *duplicateCounter, int length)' at line 277 of file /Users/Michi/Desktop/milupHPC/src/cuda_utils/cuda_utilities.cu
 'real removeDuplicates(T *array, T *removedArray, integer *duplicateCounter, int length)' at line 80 of file /Users/Michi/Desktop/milupHPC/include/cuda_utils/cuda_utilities.cuh

/Users/Michi/Desktop/milupHPC/src/utils/logger.cpp:9: warning: documented symbol 'std::ostream & Color::operator<<' was not declared or defined.
rc/integrator/euler.cpp...
Preprocessing /Users/Michi/Desktop/milupHPC/src/integrator/explicit_euler.cpp...
Parsing file /Users/Michi/Desktop/milupHPC/src/integrator/explicit_euler.cpp...
Preprocessing /Users/Michi/Desktop/milupHPC/src/integrator/predictor_corrector.cpp...
Parsing file /Users/Michi/Desktop/milupHPC/src/integrator/predictor_corrector.cpp...
Preprocessing /Users/Michi/Desktop/milupHPC/src/main.cpp...
Parsing file /Users/Michi/Desktop/milupHPC/src/main.cpp...
Preprocessing /Users/Michi/Desktop/milupHPC/src/materials/material.cu...
Parsing file /Users/Michi/Desktop/milupHPC/src/materials/material.cu...
Preprocessing /Users/Michi/Desktop/milupHPC/src/materials/material_handler.cpp...
Parsing file /Users/Michi/Desktop/milupHPC/src/materials/material_handler.cpp...
Preprocessing /Users/Michi/Desktop/milupHPC/src/miluphpc.cpp...
Parsing file /Users/Michi/Desktop/milupHPC/src/miluphpc.cpp...
Preprocessing /Users/Michi/Desktop/milupHPC/src/particle_handler.cpp...
Parsing file /Users/Michi/Desktop/milupHPC/src/particle_handler.cpp...
Preprocessing /Users/Michi/Desktop/milupHPC/src/particles.cu...
Parsing file /Users/Michi/Desktop/milupHPC/src/particles.cu...
Preprocessing /Users/Michi/Desktop/milupHPC/src/sph/sph.cu...
Parsing file /Users/Michi/Desktop/milupHPC/src/sph/sph.cu...
Preprocessing /Users/Michi/Desktop/milupHPC/src/subdomain_key_tree/subdomain.cu...
Parsing file /Users/Michi/Desktop/milupHPC/src/subdomain_key_tree/subdomain.cu...
Preprocessing /Users/Michi/Desktop/milupHPC/src/subdomain_key_tree/subdomain_handler.cpp...
Parsing file /Users/Michi/Desktop/milupHPC/src/subdomain_key_tree/subdomain_handler.cpp...
Preprocessing /Users/Michi/Desktop/milupHPC/src/subdomain_key_tree/tree.cu...
Parsing file /Users/Michi/Desktop/milupHPC/src/subdomain_key_tree/tree.cu...
Preprocessing /Users/Michi/Desktop/milupHPC/src/subdomain_key_tree/tree_handler.cpp...
Parsing file /Users/Michi/Desktop/milupHPC/src/subdomain_key_tree/tree_handler.cpp...
Preprocessing /Users/Michi/Desktop/milupHPC/src/utils/config_parser.cpp...
Parsing file /Users/Michi/Desktop/milupHPC/src/utils/config_parser.cpp...
Preprocessing /Users/Michi/Desktop/milupHPC/src/utils/logger.cpp...
Parsing file /Users/Michi/Desktop/milupHPC/src/utils/logger.cpp...
Preprocessing /Users/Michi/Desktop/milupHPC/src/utils/timer.cpp...
Parsing file /Users/Michi/Desktop/milupHPC/src/utils/timer.cpp...
Preprocessing /Users/Michi/Desktop/milupHPC/testing/parallelForceConcept.cpp...
Parsing file /Users/Michi/Desktop/milupHPC/testing/parallelForceConcept.cpp...
Building macro definition list...
Building group list...
Building directory list...
Building namespace list...
Building file list...
Building class list...
Computing nesting relations for classes...
Associating documentation with classes...
Building example list...
Searching for enumerations...
Searching for documented typedefs...
Searching for members imported via using declarations...
Searching for included using directives...
Searching for documented variables...
Building interface member list...
Building member list...
Searching for friends...
Searching for documented defines...
Computing class inheritance relations...
Computing class usage relations...
Flushing cached template relations that have become invalid...
Computing class relations...
Add enum values to enums...
Searching for member function documentation...
Creating members for template instances...
Building page list...
Search for main page...
Computing page relations...
Determining the scope of groups...
Sorting lists...
Determining which enums are documented
Computing member relations...
Building full member lists recursively...
Adding members to member groups.
Computing member references...
Inheriting documentation...
Generating disk names...
Adding source references...
Adding xrefitems...
Sorting member lists...
Setting anonymous enum type...
Computing dependencies between directories...
Generating citations page...
Counting members...
Counting data structures...
Resolving user defined references...
Finding anchors and sections in the documenta/Users/Michi/Desktop/milupHPC/include/particle_handler.h:116: warning: Found unknown command '\alpha'
/Users/Michi/Desktop/milupHPC/include/particle_handler.h:255: warning: Found unknown command '\alpha'
/Users/Michi/Desktop/milupHPC/include/particles.cuh:122: warning: Found unknown command '\alpha'
tion...
Transferring function references...
Combining using relations...
Adding members to index pages...
Correcting members for VHDL...
Generating style sheet...
Generating search indices...
Generating example documentation...
Generating file sources...
Parsing code for file binac/Notes.md...
Parsing code for file documents/Notes.md...
Parsing code for file Concepts.md...
Generating code for file doc/doxyfile.inc...
Parsing code for file doc/ExtraMarkdown.md...
Parsing code for file doc/Mainpage.md...
Parsing code for file documents/regexp.md...
Generating code for file H5Renderer/include/Color.h...
Generating code for file H5Renderer/include/ConfigParser.h...
Generating code for file H5Renderer/include/H5Renderer.h...
Generating code for file H5Renderer/include/Logger.h...
Generating code for file H5Renderer/include/Particle.h...
Generating code for file H5Renderer/src/ConfigParser.cpp...
Generating code for file H5Renderer/src/H5Renderer.cpp...
Generating code for file H5Renderer/src/Logger.cpp...
Generating code for file H5Renderer/src/main.cpp...
Generating code for file src/main.cpp...
Generating code for file include/constants.h...
Generating code for file include/cuda_utils/cuda_launcher.cuh...
Generating code for file include/cuda_utils/cuda_runtime.h...
Generating code for file include/cuda_utils/cuda_utilities.cuh...
Generating code for file include/device_rhs.cuh...
Generating code for file include/gravity/gravity.cuh...
Generating code for file include/helper.cuh...
Generating code for file include/helper_handler.h...
Generating code for file include/integrator/euler.h...
Generating code for file include/integrator/explicit_euler.h...
Generating code for file include/integrator/predictor_corrector.h...
Generating code for file include/materials/material.cuh...
Generating code for file include/materials/material_handler.h...
Generating code for file include/miluphpc.h...
Generating code for file include/parameter.h...
Generating code for file include/particle_handler.h...
Generating code for file include/particles.cuh...
Generating code for file include/sph/sph.cuh...
Generating code for file include/subdomain_key_tree/subdomain.cuh...
Generating code for file include/subdomain_key_tree/subdomain_handler.h...
Generating code for file include/subdomain_key_tree/tree.cuh...
Generating code for file include/subdomain_key_tree/tree_handler.h...
Generating code for file include/utils/color.h...
Generating code for file include/utils/config_parser.h...
Generating code for file include/utils/cxxopts.h...
Generating code for file include/utils/logger.h...
Generating code for file include/utils/timer.h...
Generating code for file include/vector3.h...
Parsing code for file Licence.md...
Parsing code for file README.md...
Parsing code for file postprocessing/README.md...
Parsing code for file resources/miluphcuda/Miluphcuda.md...
Parsing code for file resources/miluphcuda/physics_in_miluphcuda.md...
Generating code for file src/cuda_utils/cuda_launcher.cu...
Generating code for file src/cuda_utils/cuda_runtime.cpp...
Generating code for file src/cuda_utils/cuda_utilities.cu...
Generating code for file src/device_rhs.cu...
Generating code for file src/gravity/gravity.cu...
Generating code for file src/helper.cu...
Generating code for file src/helper_handler.cpp...
Generating code for file src/integrator/euler.cpp...
Generating code for file src/integrator/explicit_euler.cpp...
Generating code for file src/integrator/predictor_corrector.cpp...
Generating code for file src/materials/material.cu...
Generating code for file src/materials/material_handler.cpp...
Generating code for file src/miluphpc.cpp...
Generating code for file src/particle_handler.cpp...
Generating code for file src/particles.cu...
Generating code for file src/sph/sph.cu...
Generating code for file src/subdomain_key_tree/subdomain.cu...
Generating code for file src/subdomain_key_tree/subdomain_handler.cpp...
Generating code for file src/subdomain_key_tree/tree.cu...
Generating code for file src/subdomain_key_tree/tree_handler.cpp...
Generating code for file src/utils/config_parser.cpp...
Generating code for file src/utils/logger.cpp...
Generating code for file src/utils/timer.cpp...
Generating code for file testing/parallelForceConcept.cpp...
Generating file documentation...
Generating docs for file binac/Notes.md...
Generating docs for file documents/Notes.md...
Generating docs for file Concepts.md...
Generating docs for file doc/doxyfile.inc...
Generating docs for file doc/ExtraMarkdown.md...
Generating docs for file doc/Mainpage.md...
Generating docs for file documents/regexp.md...
Generating docs for file H5Renderer/include/Color.h...
Generating docs for file H5Renderer/include/ConfigParser.h...
Generating docs for file H5Renderer/include/H5Renderer.h...
Generating docs for file H5Renderer/include/Logger.h...
Generating docs for file H5Renderer/include/Particle.h...
Generating docs for file H5Renderer/src/ConfigParser.cpp...
Generating docs for file H5Renderer/src/H5Renderer.cpp...
Generating docs for file H5Renderer/src/Logger.cpp...
Generating docs for file H5Renderer/src/main.cpp...
Generating call graph for function main
Generating docs for file src/main.cpp...
Generating call graph for function main
Generating docs for file include/constants.h...
Generating docs for file include/cuda_utils/cuda_launcher.cuh...
Generating docs for file include/cuda_utils/cuda_runtime.h...
Generating docs for file include/cuda_utils/cuda_utilities.cuh...
Generating docs for file include/device_rhs.cuh...
Generating docs for file include/gravity/gravity.cuh...
Generating docs for file include/helper.cuh...
Generating docs for file include/helper_handler.h...
Generating docs for file include/integrator/euler.h...
Generating docs for file include/integrator/explicit_euler.h...
Generating docs for file include/integrator/predictor_corrector.h...
Generating docs for file include/materials/material.cuh...
Generating docs for file include/materials/material_handler.h...
Generating docs for file include/miluphpc.h...
Generating docs for file include/parameter.h...
Generating docs for file include/particle_handler.h...
Generating docs for file include/particles.cuh...
Generating docs for file include/sph/sph.cuh...
Generating docs for file include/subdomain_key_tree/subdomain.cuh...
Generating docs for file include/subdomain_key_tree/subdomain_handler.h...
Generating docs for file include/subdomain_key_tree/tree.cuh...
Generating docs for file include/subdomain_key_tree/tree_handler.h...
Generating docs for file include/utils/color.h...
Generating docs for file include/utils/config_parser.h...
Generating docs for file include/utils/cxxopts.h...
Generating docs for file include/utils/logger.h...
Generating docs for file include/utils/timer.h...
Generating docs for file include/vector3.h...
Generating docs for file Licence.md...
Generating docs for file README.md...
Generating docs for file postprocessing/README.md...
Generating docs for file resources/miluphcuda/Miluphcuda.md...
Generating docs for file resources/miluphcuda/physics_in_miluphcuda.md...
Generating docs for file src/cuda_utils/cuda_launcher.cu...
Generating docs for file src/cuda_utils/cuda_runtime.cpp...
Generating docs for file src/cuda_utils/cuda_utilities.cu...
Generating docs for file src/device_rhs.cu...
Generating docs for file src/gravity/gravity.cu...
Generating docs for file src/helper.cu...
Generating docs for file src/helper_handler.cpp...
Generating docs for file src/integrator/euler.cpp...
Generating docs for file src/integrator/explicit_euler.cpp...
Generating docs for file src/integrator/predictor_corrector.cpp...
Generating docs for file src/materials/material.cu...
Generating docs for file src/materials/material_handler.cpp...
Generating docs for file src/miluphpc.cpp...
Generating docs for file src/particle_handler.cpp...
Generating docs for file src/particles.cu...
Generating docs for file src/sph/sph.cu...
Generating docs for file src/subdomain_key_tree/subdomain.cu...
Generating docs for file src/subdomain_key_tree/subdomain_handler.cpp...
Generating docs for file src/subdomain_key_tree/tree.cu...
Generat/Users/Michi/Desktop/milupHPC/Concepts.md:2: warning: Found unknown command '\frac'
/Users/Michi/Desktop/milupHPC/Concepts.md:2: warning: Found unknown command '\frac'
/Users/Michi/Desktop/milupHPC/Concepts.md:2: warning: Found unknown command '\rho'
/Users/Michi/Desktop/milupHPC/Concepts.md:2: warning: Found unknown command '\vec'
/Users/Michi/Desktop/milupHPC/Concepts.md:2: warning: Found unknown command '\nabla'
/Users/Michi/Desktop/milupHPC/Concepts.md:2: warning: Found unknown command '\vec'
/Users/Michi/Desktop/milupHPC/Concepts.md:2: warning: Found unknown command '\sigma'
/Users/Michi/Desktop/milupHPC/Concepts.md:4: warning: Found unknown command '\frac'
/Users/Michi/Desktop/milupHPC/Concepts.md:4: warning: Found unknown command '\rho'
/Users/Michi/Desktop/milupHPC/Concepts.md:4: warning: Found unknown command '\rho'
/Users/Michi/Desktop/milupHPC/Concepts.md:4: warning: Found unknown command '\nabla'
/Users/Michi/Desktop/milupHPC/Concepts.md:4: warning: Found unknown command '\vec'
/Users/Michi/Desktop/milupHPC/Concepts.md:18: warning: Found unknown command '\frac'
/Users/Michi/Desktop/milupHPC/Concepts.md:18: warning: Found unknown command '\rho'
/Users/Michi/Desktop/milupHPC/Concepts.md:18: warning: Found unknown command '\rho'
/Users/Michi/Desktop/milupHPC/Concepts.md:18: warning: Found unknown command '\nabla'
/Users/Michi/Desktop/milupHPC/Concepts.md:18: warning: Found unknown command '\vec'
/Users/Michi/Desktop/milupHPC/documents/Notes.md:122: warning: Found unknown command '\approx'
/Users/Michi/Desktop/milupHPC/resources/miluphcuda/physics_in_miluphcuda.md:96: warning: Found unknown command '\sigma'
/Users/Michi/Desktop/milupHPC/resources/miluphcuda/physics_in_miluphcuda.md:96: warning: Found unknown command '\delta'
/Users/Michi/Desktop/milupHPC/resources/miluphcuda/physics_in_miluphcuda.md:97: warning: Found unknown command '\vec'
/Users/Michi/Desktop/milupHPC/resources/miluphcuda/physics_in_miluphcuda.md:97: warning: Found unknown command '\vec'
/Users/Michi/Desktop/milupHPC/resources/miluphcuda/physics_in_miluphcuda.md:97: warning: Found unknown command '\sigma'
/Users/Michi/Desktop/milupHPC/include/subdomain_key_tree/subdomain.cuh:307: warning: The following parameters of DomainList::DomainList(integer *domainListIndices, integer *domainListLevels, integer *domainListIndex, integer *domainListCounter, keyType *domainListKeys, keyType *sortedDomainListKeys, integer *relevantDomainListIndices, integer *relevantDomainListLevels, integer *relevantDomainListProcess) are not documented:
  parameter 'relevantDomainListLevels'
  parameter 'relevantDomainListProcess'
/Users/Michi/Desktop/milupHPC/include/subdomain_key_tree/subdomain.cuh:322: warning: The following parameters of DomainList::set(integer *domainListIndices, integer *domainListLevels, integer *domainListIndex, integer *domainListCounter, keyType *domainListKeys, keyType *sortedDomainListKeys, integer *relevantDomainListIndices, integer *relevantDomainListLevels, integer *relevantDomainListProcess) are not documented:
  parameter 'relevantDomainListLevels'
  parameter 'relevantDomainListProcess'
ing docs for file src/subdomain_key_tree/tree_handler.cpp...
Generating docs for file src/utils/config_parser.cpp...
Generating docs for file src/utils/logger.cpp...
Generating docs for file src/utils/timer.cpp...
Generating docs for file testing/parallelForceConcept.cpp...
Generating call graph for function compTheta
Generating call graph for function for
Generating call graph for function symbolicForce
Generating page documentation...
Generating docs for page md_README...
Generating docs for page md_binac_Notes...
Generating docs for page md_Concepts...
Generating docs for page md_doc_ExtraMarkdown...
Generating docs for page md_documents_Notes...
Generating docs for page md_documents_regexp...
Generating docs for page md_Licence...
Generating docs for page md_postprocessing_README...
Generating docs for page md_resources_miluphcuda_Miluphcuda...
Generating docs for page md_resources_miluphcuda_physics_in_miluphcuda...
Generating group documentation...
Generating class documentation...
Generating docs for compound ArtificialViscosity...
Generating docs for compound ColorRGB...
Generating docs for compound ConfigParser...
Generating call graph for function ConfigParser::getObj
Generating call graph for function ConfigParser::getObjList
Generating docs for compound Curve...
Generating docs for compound DomainList...
Generating docs for compound DomainListHandler...
Generating call graph for function DomainListHandler::DomainListHandler
Generating call graph for function DomainListHandler::~DomainListHandler
Generating call graph for function DomainListHandler::reset
Generating docs for compound Entry...
Generating docs for compound Euler...
Generating call graph for function Euler::integrate
Generating docs for compound Execution...
Generating docs for compound ExecutionPolicy...
Generating docs for compound ExplicitEuler...
Generating call graph for function ExplicitEuler::integrate
Generating docs for compound H5Renderer...
Generating call graph for function H5Renderer::createImages
Generating call graph for function H5Renderer::particle2PixelXY
Generating call graph for function H5Renderer::particle2PixelXZ
Generating docs for compound Helper...
Generating docs for compound HelperHandler...
Generating call graph for function HelperHandler::HelperHandler
Generating call graph for function HelperHandler::~HelperHandler
Generating call graph for function HelperHandler::reset
Generating docs for compound IntegratedParticleHandler...
Generating call graph for function IntegratedParticleHandler::IntegratedParticleHandler
Generating call graph for function IntegratedParticleHandler::~IntegratedParticleHandler
Generating docs for compound IntegratedParticles...
Generating docs for compound IntegratorSelection...
Generating docs for compound LibConfigReader...
Generating docs for compound Logger...
Generating docs for compound Material...
Generating docs for compound MaterialHandler...
Generating call graph for function MaterialHandler::MaterialHandler
Generating call graph for function MaterialHandler::MaterialHandler
Generating call graph for function MaterialHandler::MaterialHandler
Generating call graph for function MaterialHandler::~MaterialHandler
Generating call graph for function MaterialHandler::broadcast
Generating call graph for function MaterialHandler::communicate
Generating call graph for function MaterialHandler::copy
Generating docs for compound Miluphpc...
Generating call graph for function Miluphpc::Miluphpc
Generating call graph for function Miluphpc::~Miluphpc
Generating call graph for function Miluphpc::arrangeParticleEntries
Generating call graph for function Miluphpc::assignParticles
Generating call graph for function Miluphpc::boundingBox
Generating call graph for function Miluphpc::dynamicLoadDistribution
Generating call graph for function Miluphpc::fixedLoadDistribution
Generating call graph for function Miluphpc::gravity
Generating call graph for function Miluphpc::initDistribution
Generating call graph for function Miluphpc::loadDistribution
Generating call graph for function Miluphpc::parallel_grav/Users/Michi/Desktop/milupHPC/include/particle_handler.h:116: warning: Found unknown command '\alpha'
/Users/Michi/Desktop/milupHPC/include/particle_handler.h:255: warning: Found unknown command '\alpha'
/Users/Michi/Desktop/milupHPC/include/particle_handler.h:255: warning: Found unknown command '\alpha'
/Users/Michi/Desktop/milupHPC/include/particle_handler.h:116: warning: Found unknown command '\alpha'
/Users/Michi/Desktop/milupHPC/include/particles.cuh:122: warning: Found unknown command '\alpha'
/Users/Michi/Desktop/milupHPC/include/particles.cuh:122: warning: Found unknown command '\alpha'
ity
Generating call graph for function Miluphpc::parallel_pseudoParticles
Generating call graph for function Miluphpc::parallel_sph
Generating call graph for function Miluphpc::parallel_sph_backup
Generating call graph for function Miluphpc::parallel_tree
Generating call graph for function Miluphpc::particles2file
Generating call graph for function Miluphpc::pseudoParticles
Generating call graph for function Miluphpc::reset
Generating call graph for function Miluphpc::rhs
Generating call graph for function Miluphpc::sendParticlesEntry
Generating call graph for function Miluphpc::sph
Generating call graph for function Miluphpc::tree
Generating call graph for function Miluphpc::updateRangeApproximately
Generating docs for compound Particle...
Generating docs for compound ParticleDistribution...
Generating docs for compound ParticleHandler...
Generating call graph for function ParticleHandler::ParticleHandler
Generating call graph for function ParticleHandler::~ParticleHandler
Generating call graph for function ParticleHandler::copyAcceleration
Generating call graph for function ParticleHandler::copyDistribution
Generating call graph for function ParticleHandler::copyMass
Generating call graph for function ParticleHandler::copyPosition
Generating call graph for function ParticleHandler::copyVelocity
Generating docs for compound Particles...
Generating docs for compound PredictorCorrector...
Generating call graph for function PredictorCorrector::integrate
Generating docs for compound Reduction...
Generating docs for compound SimulationParameters...
Generating docs for compound structlog...
Generating docs for compound SubDomainKeyTree...
Generating call graph for function SubDomainKeyTree::isDomainListNode
Generating docs for compound SubDomainKeyTreeHandler...
Generating call graph for function SubDomainKeyTreeHandler::SubDomainKeyTreeHandler
Generating call graph for function SubDomainKeyTreeHandler::~SubDomainKeyTreeHandler
Generating call graph for function SubDomainKeyTreeHandler::copy
Generating call graph for function SubDomainKeyTreeHandler::reset
Generating docs for compound Timer...
Generating docs for compound To...
Generating docs for compound Tree...
Generating call graph for function Tree::getParticleKey
Generating call graph for function Tree::getTreeLevel
Generating docs for compound TreeHandler...
Generating call graph for function TreeHandler::TreeHandler
Generating call graph for function TreeHandler::~TreeHandler
Generating call graph for function TreeHandler::copy
Generating docs for compound Vector3...
Generating call graph for function Vector3::applyEach
Generating call graph for function Vector3::getDistance
Generating call graph for function Vector3::operator*
Generating call graph for function Vector3::operator+
Generating call graph for function Vector3::operator-
Generating call graph for function Vector3::operator-
Generating call graph for function Vector3::operator/
Generating call graph for function Vector3::operator^
Generating namespace index...
Generating docs for namespace Color
Generating docs for compound Color::Modifier...
Generating docs for namespace cuda
Generating docs for namespace CudaUtils
Generating docs for namespace CudaUtils::Kernel
Generating docs for namespace CudaUtils::Kernel::Launch
Generating call graph for function CudaUtils::Kernel::Launch::checkValues
Generating call graph for function CudaUtils::Kernel::Launch::collectValues
Generating call graph for function CudaUtils::Kernel::Launch::findDuplicateEntries
Generating call graph for function CudaUtils::Kernel::Launch::findDuplicates
Generating call graph for function CudaUtils::Kernel::Launch::findDuplicates
Generating call graph for function CudaUtils::Kernel::Launch::markDuplicates
Generating call graph for function CudaUtils::Kernel::Launch::markDuplicates
Generating call graph for function CudaUtils::Kernel::Launch::markDuplicatesTemp
Generating call graph for function CudaUtils::Kernel::Launch::removeDuplicates
Generating docs for namespace cxxopts
Generating call graph for function cxxopts::throw_or_mimic
Generating docs for compound cxxopts::argument_incorrect_type...
Generating docs for compound cxxopts::HelpGroupDetails...
Generating docs for compound cxxopts::HelpOptionDetails...
Generating docs for compound cxxopts::invalid_option_format_error...
Generating docs for compound cxxopts::KeyValue...
Generating call graph for function cxxopts::KeyValue::as
Generating docs for compound cxxopts::missing_argument_exception...
Generating docs for compound cxxopts::Option...
Generating docs for compound cxxopts::option_exists_error...
Generating docs for compound cxxopts::option_has_no_value_exception...
Generating docs for compound cxxopts::option_not_exists_exception...
Generating docs for compound cxxopts::option_not_has_argument_exception...
Generating docs for compound cxxopts::option_not_present_exception...
Generating docs for compound cxxopts::option_required_exception...
Generating docs for compound cxxopts::option_requires_argument_exception...
Generating docs for compound cxxopts::option_syntax_exception...
Generating docs for compound cxxopts::OptionAdder...
Generating call graph for function cxxopts::OptionAdder::operator()
Generating docs for compound cxxopts::OptionDetails...
Generating docs for compound cxxopts::OptionException...
Generating docs for compound cxxopts::OptionParseException...
Generating docs for compound cxxopts::OptionParser...
Generating call graph for function cxxopts::OptionParser::add_to_option
Generating call graph for function cxxopts::OptionParser::checked_parse_arg
Generating call graph for function cxxopts::OptionParser::consume_positional
Generating call graph for function cxxopts::OptionParser::parse
Generating call graph for function cxxopts::OptionParser::parse_option
Generating docs for compound cxxopts::Options...
Generating call graph for function cxxopts::Options::add_option
Generating call graph for function cxxopts::Options::add_option
Generating call graph for function cxxopts::Options::generate_all_groups_help
Generating call graph for function cxxopts::Options::generate_group_help
Generating call graph for function cxxopts::Options::help
Generating call graph for function cxxopts::Options::help_one_group
Generating call graph for function cxxopts::Options::parse
Generating call graph for function cxxopts::Options::parse_positional
Generating call graph for function cxxopts::Options::parse_positional
Generating docs for compound cxxopts::OptionSpecException...
Generating docs for compound cxxopts::OptionValue...
Generating call graph for function cxxopts::OptionValue::as
Generating call graph for function cxxopts::OptionValue::parse
Generating call graph for function cxxopts::OptionValue::parse_default
Generating docs for compound cxxopts::ParseResult...
Generating docs for compound cxxopts::Value...
Generating docs for namespace cxxopts::values
Generating call graph for function cxxopts::values::integer_parser
Generating call graph for function cxxopts::values::parse_value
Generating call graph for function cxxopts::values::parse_value
Generating call graph for function cxxopts::values::parse_value
Generating call graph for function cxxopts::values::parse_value
Generating call graph for function cxxopts::values::parse_value
Generating call graph for function cxxopts::values::parse_value
Generating call graph for function cxxopts::values::parse_value
Generating call graph for function cxxopts::values::parse_value
Generating call graph for function cxxopts::values::parse_value
Generating call graph for function cxxopts::values::parse_value
Generating call graph for function cxxopts::values::parse_value
Generating call graph for function cxxopts::values::parse_value
Generating call graph for function cxxopts::values::stringstream_parser
Generating docs for compound cxxopts::values::abstract_value...
Generating docs for compound cxxopts::values::standard_value...
Generating docs for compound cxxopts::values::standard_value< bool >...
Generating docs for compound cxxopts::values::type_is_container...
Generating docs for compound cxxopts::values::type_is_container< std::vector< T > >/Users/Michi/Desktop/milupHPC/src/subdomain_key_tree/subdomain.cu:447: warning: The following parameters of DomainListNS::Kernel::set(DomainList *domainList, integer *domainListIndices, integer *domainListLevels, integer *domainListIndex, integer *domainListCounter, keyType *domainListKeys, keyType *sortedDomainListKeys, integer *relevantDomainListIndices, integer *relevantDomainListLevels, integer *relevantDomainListProcess) are not documented:
  parameter 'relevantDomainListLevels'
  parameter 'relevantDomainListProcess'
/Users/Michi/Desktop/milupHPC/include/subdomain_key_tree/subdomain.cuh:406: warning: The following parameters of DomainListNS::Kernel::Launch::set(DomainList *domainList, integer *domainListIndices, integer *domainListLevels, integer *domainListIndex, integer *domainListCounter, keyType *domainListKeys, keyType *sortedDomainListKeys, integer *relevantDomainListIndices, integer *relevantDomainListLevels, integer *relevantDomainListProcess) are not documented:
  parameter 'relevantDomainListLevels'
  parameter 'relevantDomainListProcess'
...
Generating docs for namespace cxxopts::values::detail
Generating call graph for function cxxopts::values::detail::check_signed_range
Generating docs for compound cxxopts::values::detail::SignedCheck...
Generating docs for compound cxxopts::values::detail::SignedCheck< T, false >...
Generating docs for compound cxxopts::values::detail::SignedCheck< T, true >...
Generating docs for namespace DomainListNS
Generating docs for namespace DomainListNS::Kernel
Generating call graph for function DomainListNS::Kernel::createDomainList
Generating call graph for function DomainListNS::Kernel::info
Generating call graph for function DomainListNS::Kernel::set
Generating docs for namespace DomainListNS::Kernel::Launch
Generating call graph for function DomainListNS::Kernel::Launch::createDomainList
Generating call graph for function DomainListNS::Kernel::Launch::info
Generating call graph for function DomainListNS::Kernel::Launch::info
Generating call graph for function DomainListNS::Kernel::Launch::lowestDomainList
Generating call graph for function DomainListNS::Kernel::Launch::set
Generating docs for namespace Gravity
Generating docs for namespace Gravity::Kernel
Generating call graph for function Gravity::Kernel::collectSendIndices
Generating call graph for function Gravity::Kernel::compDomainListPseudoParticles
Generating call graph for function Gravity::Kernel::compLowestDomainListNodes
Generating call graph for function Gravity::Kernel::compTheta
Generating call graph for function Gravity::Kernel::keyHistCounter
Generating call graph for function Gravity::Kernel::prepareLowestDomainExchange
Generating call graph for function Gravity::Kernel::symbolicForce
Generating call graph for function Gravity::Kernel::updateLowestDomainListNodes
Generating call graph for function Gravity::Kernel::zeroDomainListNodes
Generating docs for namespace Gravity::Kernel::Launch
Generating call graph for function Gravity::Kernel::Launch::calculateNewRange
Generating call graph for function Gravity::Kernel::Launch::collectSendIndices
Generating call graph for function Gravity::Kernel::Launch::compDomainListPseudoParticles
Generating call graph for function Gravity::Kernel::Launch::compLocalPseudoParticles
Generating call graph for function Gravity::Kernel::Launch::compLowestDomainListNodes
Generating call graph for function Gravity::Kernel::Launch::compTheta
Generating call graph for function Gravity::Kernel::Launch::computeForces
Generating call graph for function Gravity::Kernel::Launch::computeForcesMiluphcuda
Generating call graph for function Gravity::Kernel::Launch::computeForcesUnsorted
Generating call graph for function Gravity::Kernel::Launch::createKeyHistRanges
Generating call graph for function Gravity::Kernel::Launch::insertReceivedParticles
Generating call graph for function Gravity::Kernel::Launch::insertReceivedPseudoParticles
Generating call graph for function Gravity::Kernel::Launch::intermediateSymbolicForce
Generating call graph for function Gravity::Kernel::Launch::keyHistCounter
Generating call graph for function Gravity::Kernel::Launch::prepareLowestDomainExchange
Generating call graph for function Gravity::Kernel::Launch::repairTree
Generating call graph for function Gravity::Kernel::Launch::symbolicForce
Generating call graph for function Gravity::Kernel::Launch::testSendIndices
Generating call graph for function Gravity::Kernel::Launch::update
Generating call graph for function Gravity::Kernel::Launch::updateLowestDomainListNodes
Generating call graph for function Gravity::Kernel::Launch::zeroDomainListNodes
Generating docs for namespace HelperNS
Generating call graph for function HelperNS::reduceAndGlobalize
Generating call graph for function HelperNS::sortArray
Generating docs for namespace HelperNS::Kernel
Generating call graph for function HelperNS::Kernel::resetArray
Generating call graph for function HelperNS::Kernel::set
Generating docs for namespace HelperNS::Kernel::Launch
Generating call graph for function HelperNS::Kernel::Launch::copyArray
Generating call graph for function HelperNS::Kernel::Launch::resetArray/Users/Michi/Desktop/milupHPC/include/particles.cuh:926: warning: The following parameter of ParticlesNS::Kernel::Launch::test(Particles *particles, bool time=false) is not documented:
  parameter 'time'

Generating call graph for function HelperNS::Kernel::Launch::set
Generating docs for namespace IntegratedParticlesNS
Generating docs for namespace IntegratedParticlesNS::Kernel
Generating call graph for function IntegratedParticlesNS::Kernel::set
Generating call graph for function IntegratedParticlesNS::Kernel::set
Generating call graph for function IntegratedParticlesNS::Kernel::set
Generating docs for namespace IntegratedParticlesNS::Kernel::Launch
Generating call graph for function IntegratedParticlesNS::Kernel::Launch::set
Generating call graph for function IntegratedParticlesNS::Kernel::Launch::set
Generating call graph for function IntegratedParticlesNS::Kernel::Launch::set
Generating docs for namespace Kernel
Generating call graph for function Kernel::resetArrays
Generating docs for namespace Kernel::Launch
Generating call graph for function Kernel::Launch::resetArrays
Generating docs for namespace KeyNS
Generating call graph for function KeyNS::key2proc
Generating docs for namespace MaterialNS
Generating docs for namespace MaterialNS::Kernel
Generating call graph for function MaterialNS::Kernel::info
Generating docs for namespace MaterialNS::Kernel::Launch
Generating call graph for function MaterialNS::Kernel::Launch::info
Generating docs for namespace mpi
Generating docs for namespace ParticlesNS
Generating docs for namespace ParticlesNS::Kernel
Generating call graph for function ParticlesNS::Kernel::set
Generating call graph for function ParticlesNS::Kernel::set
Generating call graph for function ParticlesNS::Kernel::set
Generating call graph for function ParticlesNS::Kernel::setArtificialStress
Generating call graph for function ParticlesNS::Kernel::setFragmentation
Generating call graph for function ParticlesNS::Kernel::setIntegrateDensity
Generating call graph for function ParticlesNS::Kernel::setLinearConsistency
Generating call graph for function ParticlesNS::Kernel::setNavierStokes
Generating call graph for function ParticlesNS::Kernel::setPalphaPorosity
Generating call graph for function ParticlesNS::Kernel::setPorosity
Generating call graph for function ParticlesNS::Kernel::setSolid
Generating call graph for function ParticlesNS::Kernel::setVariableSML
Generating call graph for function ParticlesNS::Kernel::setZeroConsistency
Generating docs for namespace ParticlesNS::Kernel::Launch
Generating call graph for function ParticlesNS::Kernel::Launch::info
Generating call graph for function ParticlesNS::Kernel::Launch::set
Generating call graph for function ParticlesNS::Kernel::Launch::set
Generating call graph for function ParticlesNS::Kernel::Launch::set
Generating call graph for function ParticlesNS::Kernel::Launch::setArtificialStress
Generating call graph for function ParticlesNS::Kernel::Launch::setFragmentation
Generating call graph for function ParticlesNS::Kernel::Launch::setIntegrateDensity
Generating call graph for function ParticlesNS::Kernel::Launch::setLinearConsistency
Generating call graph for function ParticlesNS::Kernel::Launch::setNavierStokes
Generating call graph for function ParticlesNS::Kernel::Launch::setPalphaPorosity
Generating call graph for function ParticlesNS::Kernel::Launch::setPorosity
Generating call graph for function ParticlesNS::Kernel::Launch::setSolid
Generating call graph for function ParticlesNS::Kernel::Launch::setVariableSML
Generating call graph for function ParticlesNS::Kernel::Launch::setZeroConsistency
Generating call graph for function ParticlesNS::Kernel::Launch::test
Generating docs for namespace SPH
Generating docs for namespace SPH::Kernel
Generating call graph for function SPH::Kernel::collectSendIndices
Generating call graph for function SPH::Kernel::compTheta
Generating call graph for function SPH::Kernel::insertReceivedParticles
Generating call graph for function SPH::Kernel::particles2Send
Generating call graph for function SPH::Kernel::symbolicForce
Generating docs for namespace SPH::Kernel::Launch
Generating call graph for function SPH::Kernel::Launch::collectSendEntriesBackup
Generating call graph for function SPH::Kernel::Launch::collectSendIndices
/Users/Michi/Desktop/milupHPC/src/subdomain_key_tree/tree.cu:710: warning: The following parameter of TreeNS::Kernel::info(Tree *tree, Particles *particles, integer n, integer m) is not documented:
  parameter 'particles'
Generating call graph for function SPH::Kernel::Launch::collectSendIndicesBackup
Generating call graph for function SPH::Kernel::Launch::compTheta
Generating call graph for function SPH::Kernel::Launch::fixedRadiusNN
Generating call graph for function SPH::Kernel::Launch::fixedRadiusNN_Test
Generating call graph for function SPH::Kernel::Launch::info
Generating call graph for function SPH::Kernel::Launch::insertReceivedParticles
Generating call graph for function SPH::Kernel::Launch::particles2Send
Generating call graph for function SPH::Kernel::Launch::symbolicForce
Generating docs for namespace SubDomainKeyTreeNS
Generating docs for namespace SubDomainKeyTreeNS::Kernel
Generating call graph for function SubDomainKeyTreeNS::Kernel::buildDomainTree
Generating call graph for function SubDomainKeyTreeNS::Kernel::getParticleKeys
Generating call graph for function SubDomainKeyTreeNS::Kernel::markParticlesProcess
Generating call graph for function SubDomainKeyTreeNS::Kernel::particlesPerProcess
Generating call graph for function SubDomainKeyTreeNS::Kernel::set
Generating docs for namespace SubDomainKeyTreeNS::Kernel::Launch
Generating call graph for function SubDomainKeyTreeNS::Kernel::Launch::buildDomainTree
Generating call graph for function SubDomainKeyTreeNS::Kernel::Launch::getParticleKeys
Generating call graph for function SubDomainKeyTreeNS::Kernel::Launch::markParticlesProcess
Generating call graph for function SubDomainKeyTreeNS::Kernel::Launch::particlesPerProcess
Generating call graph for function SubDomainKeyTreeNS::Kernel::Launch::set
Generating call graph for function SubDomainKeyTreeNS::Kernel::Launch::test
Generating docs for namespace TreeNS
Generating docs for namespace TreeNS::Kernel
Generating call graph for function TreeNS::Kernel::buildTree
Generating call graph for function TreeNS::Kernel::getParticleKeys
Generating call graph for function TreeNS::Kernel::set
Generating call graph for function TreeNS::Kernel::set
Generating call graph for function TreeNS::Kernel::set
Generating call graph for function TreeNS::Kernel::sumParticles
Generating docs for namespace TreeNS::Kernel::Launch
Generating call graph for function TreeNS::Kernel::Launch::buildTree
Generating call graph for function TreeNS::Kernel::Launch::centerOfMass
Generating call graph for function TreeNS::Kernel::Launch::computeBoundingBox
Generating call graph for function TreeNS::Kernel::Launch::getParticleKeys
Generating call graph for function TreeNS::Kernel::Launch::info
Generating call graph for function TreeNS::Kernel::Launch::info
Generating call graph for function TreeNS::Kernel::Launch::set
Generating call graph for function TreeNS::Kernel::Launch::set
Generating call graph for function TreeNS::Kernel::Launch::set
Generating call graph for function TreeNS::Kernel::Launch::sort
Generating call graph for function TreeNS::Kernel::Launch::sumParticles
Generating call graph for function TreeNS::Kernel::Launch::testTree
Generating graph info page...
Generating directory documentation...
Generating dependency graph for directory include/cuda_utils
Generating dependency graph for directory src/cuda_utils
Generating dependency graph for directory include/gravity
Generating dependency graph for directory src/gravity
Generating dependency graph for directory H5Renderer
Generating dependency graph for directory include
Generating dependency graph for directory src/integrator
Generating dependency graph for directory include/integrator
Generating dependency graph for directory src/materials
Generating dependency graph for directory include/materials
Generating dependency graph for directory src/sph
Generating dependency graph for directory include/sph
Generating dependency graph for directory H5Renderer/src
Generating dependency graph for directory src
Generating dependency graph for directory src/subdomain_key_tree
Generating dependency graph for directory include/subdomain_key_tree
Generating dependency graph for directory src/utils
Generating index page...
Generating page index...
Generating module index...
Generating namespace index...
Generating namespace member index...
Generating annotated compound index...
Generating alphabetical compound index...
Generating hierarchical class index...
Generating graphical class hierarchy...
Generating member index...
Generating file index...
Generating file member index...
Generating example index...
finalizing index lists...
writing tag file...
Running plantuml with JAVA...
Running dot...
Generating dot graphs using 5 parallel threads...
Running dot for graph 1/231
Running dot for graph 2/231
Running dot for graph 3/231
Running dot for graph 4/231
Running dot for graph 5/231
Running dot for graph 6/231
Running dot for graph 7/231
Running dot for graph 8/231
Running dot for graph 9/231
Running dot for graph 10/231
Running dot for graph 11/231
Running dot for graph 12/231
Running dot for graph 13/231
Running dot for graph 14/231
Running dot for graph 15/231
Running dot for graph 16/231
Running dot for graph 17/231
Running dot for graph 18/231
Running dot for graph 19/231
Running dot for graph 20/231
Running dot for graph 21/231
Running dot for graph 22/231
Running dot for graph 23/231
Running dot for graph 24/231
Running dot for graph 25/231
Running dot for graph 26/231
Running dot for graph 27/231
Running dot for graph 28/231
Running dot for graph 29/231
Running dot for graph 30/231
Running dot for graph 31/231
Running dot for graph 32/231
Running dot for graph 33/231
Running dot for graph 34/231
Running dot for graph 35/231
Running dot for graph 36/231
Running dot for graph 37/231
Running dot for graph 38/231
Running dot for graph 39/231
Running dot for graph 40/231
Running dot for graph 41/231
Running dot for graph 42/231
Running dot for graph 43/231
Running dot for graph 44/231
Running dot for graph 45/231
Running dot for graph 46/231
Running dot for graph 47/231
Running dot for graph 48/231
Running dot for graph 49/231
Running dot for graph 50/231
Running dot for graph 51/231
Running dot for graph 52/231
Running dot for graph 53/231
Running dot for graph 54/231
Running dot for graph 55/231
Running dot for graph 56/231
Running dot for graph 57/231
Running dot for graph 58/231
Running dot for graph 59/231
Running dot for graph 60/231
Running dot for graph 61/231
Running dot for graph 62/231
Running dot for graph 63/231
Running dot for graph 64/231
Running dot for graph 65/231
Running dot for graph 66/231
Running dot for graph 67/231
Running dot for graph 68/231
Running dot for graph 69/231
Running dot for graph 70/231
Running dot for graph 71/231
Running dot for graph 72/231
Running dot for graph 73/231
Running dot for graph 74/231
Running dot for graph 75/231
Running dot for graph 76/231
Running dot for graph 77/231
Running dot for graph 78/231
Running dot for graph 79/231
Running dot for graph 80/231
Running dot for graph 81/231
Running dot for graph 82/231
Running dot for graph 83/231
Running dot for graph 84/231
Running dot for graph 85/231
Running dot for graph 86/231
Running dot for graph 87/231
Running dot for graph 88/231
Running dot for graph 89/231
Running dot for graph 90/231
Running dot for graph 91/231
Running dot for graph 92/231
Running dot for graph 93/231
Running dot for graph 94/231
Running dot for graph 95/231
Running dot for graph 96/231
Running dot for graph 97/231
Running dot for graph 98/231
Running dot for graph 99/231
Running dot for graph 100/231
Running dot for graph 101/231
Running dot for graph 102/231
Running dot for graph 103/231
Running dot for graph 104/231
Running dot for graph 105/231
Running dot for graph 106/231
Running dot for graph 107/231
Running dot for graph 108/231
Running dot for graph 109/231
Running dot for graph 110/231
Running dot for graph 111/231
Running dot for graph 112/231
Running dot for graph 113/231
Running dot for graph 114/231
Running dot for graph 115/231
Running dot for graph 116/231
Running dot for graph 117/231
Running dot for graph 118/231
Running dot for graph 119/231
Running dot for graph 120/231
Running dot for graph 121/231
Running dot for graph 122/231
Running dot for graph 123/231
Running dot for graph 124/231
Running dot for graph 125/231
Running dot for graph 126/231
Running dot for graph 127/231
Running dot for graph 128/231
Running dot for graph 129/231
Running dot for graph 130/231
Running dot for graph 131/231
Running dot for graph 132/231
Running dot for graph 133/231
Running dot for graph 134/231
Running dot for graph 135/231
Running dot for graph 136/231
Running dot for graph 137/231
Running dot for graph 138/231
Running dot for graph 139/231
Running dot for graph 140/231
Running dot for graph 141/231
Running dot for graph 142/231
Running dot for graph 143/231
Running dot for graph 144/231
Running dot for graph 145/231
Running dot for graph 146/231
Running dot for graph 147/231
Running dot for graph 148/231
Running dot for graph 149/231
Running dot for graph 150/231
Running dot for graph 151/231
Running dot for graph 152/231
Running dot for graph 153/231
Running dot for graph 154/231
Running dot for graph 155/231
Running dot for graph 156/231
Running dot for graph 157/231
Running dot for graph 158/231
Running dot for graph 159/231
Running dot for graph 160/231
Running dot for graph 161/231
Running dot for graph 162/231
Running dot for graph 163/231
Running dot for graph 164/231
Running dot for graph 165/231
Running dot for graph 166/231
Running dot for graph 167/231
Running dot for graph 168/231
Running dot for graph 169/231
Running dot for graph 170/231
Running dot for graph 171/231
Running dot for graph 172/231
Running dot for graph 173/231
Running dot for graph 174/231
Running dot for graph 175/231
Running dot for graph 176/231
Running dot for graph 177/231
Running dot for graph 178/231
Running dot for graph 179/231
Running dot for graph 180/231
Running dot for graph 181/231
Running dot for graph 182/231
Running dot for graph 183/231
Running dot for graph 184/231
Running dot for graph 185/231
Running dot for graph 186/231
Running dot for graph 187/231
Running dot for graph 188/231
Running dot for graph 189/231
Running dot for graph 190/231
Running dot for graph 191/231
Running dot for graph 192/231
Running dot for graph 193/231
Running dot for graph 194/231
Running dot for graph 195/231
Running dot for graph 196/231
Running dot for graph 197/231
Running dot for graph 198/231
Running dot for graph 199/231
Running dot for graph 200/231
Running dot for graph 201/231
Running dot for graph 202/231
Running dot for graph 203/231
Running dot for graph 204/231
Running dot for graph 205/231
Running dot for graph 206/231
Running dot for graph 207/231
Running dot for graph 208/231
Running dot for graph 209/231
Running dot for graph 210/231
Running dot for graph 211/231
Running dot for graph 212/231
Running dot for graph 213/231
Running dot for graph 214/231
Running dot for graph 215/231
Running dot for graph 216/231
Running dot for graph 217/231
Running dot for graph 218/231
Running dot for graph 219/231
Running dot for graph 220/231
Running dot for graph 221/231
Running dot for graph 222/231
Running dot for graph 223/231
Running dot for graph 224/231
Running dot for graph 225/231
Running dot for graph 226/231
Running dot for graph 227/231
Running dot for graph 228/231
Running dot for graph 229/231
Running dot for graph 230/231
Running dot for graph 231/231
Patching output file 1/87
Patching output file 2/87
Patching output file 3/87
Patching output file 4/87
Patching output file 5/87
Patching output file 6/87
Patching output file 7/87
Patching output file 8/87
Patching output file 9/87
Patching output file 10/87
Patching output file 11/87
Patching output file 12/87
Patching output file 13/87
Patching output file 14/87
Patching output file 15/87
Patching output file 16/87
Patching output file 17/87
Patching output file 18/87
Patching output file 19/87
Patching output file 20/87
Patching output file 21/87
Patching output file 22/87
Patching output file 23/87
Patching output file 24/87
Patching output file 25/87
Patching output file 26/87
Patching output file 27/87
Patching output file 28/87
Patching output file 29/87
Patching output file 30/87
Patching output file 31/87
Patching output file 32/87
Patching output file 33/87
Patching output file 34/87
Patching output file 35/87
Patching output file 36/87
Patching output file 37/87
Patching output file 38/87
Patching output file 39/87
Patching output file 40/87
Patching output file 41/87
Patching output file 42/87
Patching output file 43/87
Patching output file 44/87
Patching output file 45/87
Patching output file 46/87
Patching output file 47/87
Patching output file 48/87
Patching output file 49/87
Patching output file 50/87
Patching output file 51/87
Patching output file 52/87
Patching output file 53/87
Patching output file 54/87
Patching output file 55/87
Patching output file 56/87
Patching output file 57/87
Patching output file 58/87
Patching output file 59/87
Patching output file 60/87
Patching output file 61/87
Patching output file 62/87
Patching output file 63/87
Patching output file 64/87
Patching output file 65/87
Patching output file 66/87
Patching output file 67/87
Patching output file 68/87
Patching output file 69/87
Patching output file 70/87
Patching output file 71/87
Patching output file 72/87
Patching output file 73/87
Patching output file 74/87
Patching output file 75/87
Patching output file 76/87
Patching output file 77/87
Patching output file 78/87
Patching output file 79/87
Patching output file 80/87
Patching output file 81/87
Patching output file 82/87
Patching output file 83/87
Patching output file 84/87
Patching output file 85/87
Patching output file 86/87
Patching output file 87/87
lookup cache used 3485/65536 hits=73383 misses=3562
finished...
